<?xml version="1.0" encoding="UTF-8"?>
<!-- Generated by org.testng.reporters.JUnitReportReporter -->
<testsuite hostname="Arjunavagadda" failures="0" tests="1" name="GradleDemo.demotest" time="5.584" errors="0" timestamp="17 Jul 2020 18:40:27 GMT" skipped="0">
  <testcase classname="GradleDemo.demotest" name="test1" time="5.584"/>
</testsuite> <!-- GradleDemo.demotest -->
