<?xml version="1.0" encoding="UTF-8"?>
<!-- Generated by org.testng.reporters.JUnitReportReporter -->
<testsuite hostname="Arjunavagadda" failures="0" tests="1" name="GradleDemo.demotest" time="11.629" errors="0" timestamp="17 Jul 2020 17:56:48 GMT" skipped="0">
  <testcase classname="GradleDemo.demotest" name="test1" time="11.629"/>
</testsuite> <!-- GradleDemo.demotest -->
